Arguments: 
  /usr/local/bin/node /usr/local/bin/yarn add @rxjs@^6

PATH: 
  /usr/local/bin:/usr/bin:/bin:/usr/sbin:/sbin:/opt/X11/bin:/Library/Apple/usr/bin:/Users/andrewbeng/Library/Android/sdk/platform-tools

Yarn version: 
  1.22.4

Node version: 
  12.22.1

Platform: 
  darwin x64

Trace: 
  Error: https://registry.yarnpkg.com/@rxjs: Request "https://registry.yarnpkg.com/@rxjs" returned a 405
      at Request.params.callback [as _callback] (/usr/local/lib/node_modules/yarn/lib/cli.js:66996:18)
      at Request.self.callback (/usr/local/lib/node_modules/yarn/lib/cli.js:140748:22)
      at Request.emit (events.js:314:20)
      at Request.<anonymous> (/usr/local/lib/node_modules/yarn/lib/cli.js:141720:10)
      at Request.emit (events.js:314:20)
      at IncomingMessage.<anonymous> (/usr/local/lib/node_modules/yarn/lib/cli.js:141642:12)
      at Object.onceWrapper (events.js:420:28)
      at IncomingMessage.emit (events.js:326:22)
      at endReadableNT (_stream_readable.js:1241:12)
      at processTicksAndRejections (internal/process/task_queues.js:84:21)

npm manifest: 
  {
    "name": "debug-ios-webview",
    "private": true,
    "scripts": {
      "start": "meteor run",
      "test": "meteor test --once --driver-package meteortesting:mocha",
      "test-app": "TEST_WATCH=1 meteor test --full-app --driver-package meteortesting:mocha",
      "visualize": "meteor --production --extra-packages bundle-visualizer"
    },
    "dependencies": {
      "@angular/cdk": "^12.0.1",
      "@angular/common": "^12.0.1",
      "@angular/compiler": "^12.0.1",
      "@angular/core": "^12.0.1",
      "@angular/forms": "^12.0.1",
      "@angular/platform-browser": "^12.0.1",
      "@angular/platform-browser-dynamic": "^12.0.1",
      "@angular/router": "^12.0.1",
      "@babel/runtime": "^7.11.2",
      "meteor-node-stubs": "^1.0.1",
      "vue": "^2.6.12",
      "vue-meteor-tracker": "^2.0.0-beta.5"
    },
    "meteor": {
      "mainModule": {
        "client": "client/main.ts",
        "server": "server/main.js"
      },
      "testModule": "tests/main.js"
    }
  }

yarn manifest: 
  No manifest

Lockfile: 
  # THIS IS AN AUTOGENERATED FILE. DO NOT EDIT THIS FILE DIRECTLY.
  # yarn lockfile v1
  
  
  "@angular/cdk@^12.0.1":
    version "12.0.1"
    resolved "https://registry.yarnpkg.com/@angular/cdk/-/cdk-12.0.1.tgz#81df17ae37066bd3e5475777a7f51a94e15d3cbc"
    integrity sha512-fO77bM0LWZeHkg+o23ZYGaZbth5DbaGDHrHVq+ygPA+wjmSDs12w2vIXQ6KpruGdP+28tAdpvZDMfD56N7xTbg==
    dependencies:
      tslib "^2.1.0"
    optionalDependencies:
      parse5 "^5.0.0"
  
  "@angular/common@^12.0.1":
    version "12.0.1"
    resolved "https://registry.yarnpkg.com/@angular/common/-/common-12.0.1.tgz#85a42335ea1aacfdf3f90ff566d58e54fe100164"
    integrity sha512-Jfmc9nFO43dEJgSBd/We9XEosfdUTRzvjEEW4s9cL24TVb3bnNjqeb862VY20M6N44kJ8ayi5gt5L7UwmGLF6g==
    dependencies:
      tslib "^2.1.0"
  
  "@angular/compiler@^12.0.1":
    version "12.0.1"
    resolved "https://registry.yarnpkg.com/@angular/compiler/-/compiler-12.0.1.tgz#3bfb193bba13c34792e74beb7984b618c7c3d570"
    integrity sha512-Bxt5FqTffiV4wIWsd3hTgpe82WWJcPRC1R1Q9fPqhMwilfGB7EPhMUyMMYBR1zoVT3cFLg4Q8R9CGiiPWA/UmQ==
    dependencies:
      tslib "^2.1.0"
  
  "@angular/core@^12.0.1":
    version "12.0.1"
    resolved "https://registry.yarnpkg.com/@angular/core/-/core-12.0.1.tgz#929cfca8afb9d1517ebc6eb6a813d9cf6215bacf"
    integrity sha512-DA5hl0Hl97KTWbktXg1O3+Pt34hwsF1iY2l+8fSexfsKawHhZQuBjGnm8JNuIvKbu70MqHX0OBf2vNTK/Z06HQ==
    dependencies:
      tslib "^2.1.0"
  
  "@angular/forms@^12.0.1":
    version "12.0.1"
    resolved "https://registry.yarnpkg.com/@angular/forms/-/forms-12.0.1.tgz#651915e23c7577117d74db320975c228c3f649d2"
    integrity sha512-b4KfH9ABDkhi/A/F0twj9HbeBLbfZwKDOO2Y/BjuqWynt4yek+U+tH83VKYWZCmt/W2QwJ2CZgDztl0I4ds//g==
    dependencies:
      tslib "^2.1.0"
  
  "@angular/platform-browser-dynamic@^12.0.1":
    version "12.0.1"
    resolved "https://registry.yarnpkg.com/@angular/platform-browser-dynamic/-/platform-browser-dynamic-12.0.1.tgz#386442646e1fad99ba830611ba8e058a142fe04d"
    integrity sha512-CDVAeLD+4YPHIwHCBmARKsamNefb56GCytIV+r+hD/iOLbqIftrLpGYb6F0dkGIVsw4gxpo03UUDXBHfFBvLig==
    dependencies:
      tslib "^2.1.0"
  
  "@angular/platform-browser@^12.0.1":
    version "12.0.1"
    resolved "https://registry.yarnpkg.com/@angular/platform-browser/-/platform-browser-12.0.1.tgz#690e89a207b4020fd760db8ef82c46b2e4a3e7ef"
    integrity sha512-Gly/QdvFBWLdXjrx2+4jp0Z4lqvGAkVndFa9jaFj3xIuPvbf1akNelTjRD42ww8juctTC1cek2mESXMqkFu8Hw==
    dependencies:
      tslib "^2.1.0"
  
  "@angular/router@^12.0.1":
    version "12.0.1"
    resolved "https://registry.yarnpkg.com/@angular/router/-/router-12.0.1.tgz#b999d3555940b4726f84a12bf71a37cc75ac25d2"
    integrity sha512-1T0WxnUlP7IsvhDCuQi0jCrni6GGtih96M/Hv7h4jl+UxLZO1VuVyar4In8yl0/FrgaA8TbZXSuzT2K+AjEKNw==
    dependencies:
      tslib "^2.1.0"
  
  "@babel/runtime@^7.11.2":
    version "7.14.0"
    resolved "https://registry.yarnpkg.com/@babel/runtime/-/runtime-7.14.0.tgz#46794bc20b612c5f75e62dd071e24dfd95f1cbe6"
    integrity sha512-JELkvo/DlpNdJ7dlyw/eY7E0suy5i5GQH+Vlxaq1nsNJ+H7f4Vtv3jMeCEgRhZZQFXTjldYfQgv2qmM6M1v5wA==
    dependencies:
      regenerator-runtime "^0.13.4"
  
  asn1.js@^5.2.0:
    version "5.4.1"
    resolved "https://registry.yarnpkg.com/asn1.js/-/asn1.js-5.4.1.tgz#11a980b84ebb91781ce35b0fdc2ee294e3783f07"
    integrity sha512-+I//4cYPccV8LdmBLiX8CYvf9Sp3vQsrqu2QNXRcrbiWvcx/UdlFiqUJJzxRQxgsZmvhXhn4cSKeSmoFjVdupA==
    dependencies:
      bn.js "^4.0.0"
      inherits "^2.0.1"
      minimalistic-assert "^1.0.0"
      safer-buffer "^2.1.0"
  
  assert@^1.4.1:
    version "1.5.0"
    resolved "https://registry.yarnpkg.com/assert/-/assert-1.5.0.tgz#55c109aaf6e0aefdb3dc4b71240c70bf574b18eb"
    integrity sha512-EDsgawzwoun2CZkCgtxJbv392v4nbk9XDD06zI+kQYoBM/3RBWLlEyJARDOmhAAosBjWACEkKL6S+lIZtcAubA==
    dependencies:
      object-assign "^4.1.1"
      util "0.10.3"
  
  base64-js@^1.3.1:
    version "1.5.1"
    resolved "https://registry.yarnpkg.com/base64-js/-/base64-js-1.5.1.tgz#1b1b440160a5bf7ad40b650f095963481903930a"
    integrity sha512-AKpaYlHn8t4SVbOHCy+b5+KKgvR4vrsD8vbvrbiQJps7fKDTkjkDry6ji0rUJjC0kzbNePLwzxq8iypo41qeWA==
  
  bn.js@^4.0.0, bn.js@^4.1.0, bn.js@^4.11.9:
    version "4.12.0"
    resolved "https://registry.yarnpkg.com/bn.js/-/bn.js-4.12.0.tgz#775b3f278efbb9718eec7361f483fb36fbbfea88"
    integrity sha512-c98Bf3tPniI+scsdk237ku1Dc3ujXQTSgyiPUDEOe7tRkhrqridvh8klBv0HCEso1OLOYcHuCv/cS6DNxKH+ZA==
  
  bn.js@^5.0.0, bn.js@^5.1.1:
    version "5.2.0"
    resolved "https://registry.yarnpkg.com/bn.js/-/bn.js-5.2.0.tgz#358860674396c6997771a9d051fcc1b57d4ae002"
    integrity sha512-D7iWRBvnZE8ecXiLj/9wbxH7Tk79fAh8IHaTNq1RWRixsS02W+5qS+iE9yq6RYl0asXx5tw0bLhmT5pIfbSquw==
  
  brorand@^1.0.1, brorand@^1.1.0:
    version "1.1.0"
    resolved "https://registry.yarnpkg.com/brorand/-/brorand-1.1.0.tgz#12c25efe40a45e3c323eb8675a0a0ce57b22371f"
    integrity sha1-EsJe/kCkXjwyPrhnWgoM5XsiNx8=
  
  browserify-aes@^1.0.0, browserify-aes@^1.0.4:
    version "1.2.0"
    resolved "https://registry.yarnpkg.com/browserify-aes/-/browserify-aes-1.2.0.tgz#326734642f403dabc3003209853bb70ad428ef48"
    integrity sha512-+7CHXqGuspUn/Sl5aO7Ea0xWGAtETPXNSAjHo48JfLdPWcMng33Xe4znFvQweqc/uzk5zSOI3H52CYnjCfb5hA==
    dependencies:
      buffer-xor "^1.0.3"
      cipher-base "^1.0.0"
      create-hash "^1.1.0"
      evp_bytestokey "^1.0.3"
      inherits "^2.0.1"
      safe-buffer "^5.0.1"
  
  browserify-cipher@^1.0.0:
    version "1.0.1"
    resolved "https://registry.yarnpkg.com/browserify-cipher/-/browserify-cipher-1.0.1.tgz#8d6474c1b870bfdabcd3bcfcc1934a10e94f15f0"
    integrity sha512-sPhkz0ARKbf4rRQt2hTpAHqn47X3llLkUGn+xEJzLjwY8LRs2p0v7ljvI5EyoRO/mexrNunNECisZs+gw2zz1w==
    dependencies:
      browserify-aes "^1.0.4"
      browserify-des "^1.0.0"
      evp_bytestokey "^1.0.0"
  
  browserify-des@^1.0.0:
    version "1.0.2"
    resolved "https://registry.yarnpkg.com/browserify-des/-/browserify-des-1.0.2.tgz#3af4f1f59839403572f1c66204375f7a7f703e9c"
    integrity sha512-BioO1xf3hFwz4kc6iBhI3ieDFompMhrMlnDFC4/0/vd5MokpuAc3R+LYbwTA9A5Yc9pq9UYPqffKpW2ObuwX5A==
    dependencies:
      cipher-base "^1.0.1"
      des.js "^1.0.0"
      inherits "^2.0.1"
      safe-buffer "^5.1.2"
  
  browserify-rsa@^4.0.0, browserify-rsa@^4.0.1:
    version "4.1.0"
    resolved "https://registry.yarnpkg.com/browserify-rsa/-/browserify-rsa-4.1.0.tgz#b2fd06b5b75ae297f7ce2dc651f918f5be158c8d"
    integrity sha512-AdEER0Hkspgno2aR97SAf6vi0y0k8NuOpGnVH3O99rcA5Q6sh8QxcngtHuJ6uXwnfAXNM4Gn1Gb7/MV1+Ymbog==
    dependencies:
      bn.js "^5.0.0"
      randombytes "^2.0.1"
  
  browserify-sign@^4.0.0:
    version "4.2.1"
    resolved "https://registry.yarnpkg.com/browserify-sign/-/browserify-sign-4.2.1.tgz#eaf4add46dd54be3bb3b36c0cf15abbeba7956c3"
    integrity sha512-/vrA5fguVAKKAVTNJjgSm1tRQDHUU6DbwO9IROu/0WAzC8PKhucDSh18J0RMvVeHAn5puMd+QHC2erPRNf8lmg==
    dependencies:
      bn.js "^5.1.1"
      browserify-rsa "^4.0.1"
      create-hash "^1.2.0"
      create-hmac "^1.1.7"
      elliptic "^6.5.3"
      inherits "^2.0.4"
      parse-asn1 "^5.1.5"
      readable-stream "^3.6.0"
      safe-buffer "^5.2.0"
  
  browserify-zlib@^0.2.0:
    version "0.2.0"
    resolved "https://registry.yarnpkg.com/browserify-zlib/-/browserify-zlib-0.2.0.tgz#2869459d9aa3be245fe8fe2ca1f46e2e7f54d73f"
    integrity sha512-Z942RysHXmJrhqk88FmKBVq/v5tqmSkDz7p54G/MGyjMnCFFnC79XWNbg+Vta8W6Wb2qtSZTSxIGkJrRpCFEiA==
    dependencies:
      pako "~1.0.5"
  
  buffer-xor@^1.0.3:
    version "1.0.3"
    resolved "https://registry.yarnpkg.com/buffer-xor/-/buffer-xor-1.0.3.tgz#26e61ed1422fb70dd42e6e36729ed51d855fe8d9"
    integrity sha1-JuYe0UIvtw3ULm42cp7VHYVf6Nk=
  
  buffer@^5.2.1:
    version "5.7.1"
    resolved "https://registry.yarnpkg.com/buffer/-/buffer-5.7.1.tgz#ba62e7c13133053582197160851a8f648e99eed0"
    integrity sha512-EHcyIPBQ4BSGlvjB16k5KgAJ27CIsHY/2JBmCRReo48y9rQ3MaUzWX3KVlBa4U7MyX02HdVj0K7C3WaB3ju7FQ==
    dependencies:
      base64-js "^1.3.1"
      ieee754 "^1.1.13"
  
  builtin-status-codes@^3.0.0:
    version "3.0.0"
    resolved "https://registry.yarnpkg.com/builtin-status-codes/-/builtin-status-codes-3.0.0.tgz#85982878e21b98e1c66425e03d0174788f569ee8"
    integrity sha1-hZgoeOIbmOHGZCXgPQF0eI9Wnug=
  
  cipher-base@^1.0.0, cipher-base@^1.0.1, cipher-base@^1.0.3:
    version "1.0.4"
    resolved "https://registry.yarnpkg.com/cipher-base/-/cipher-base-1.0.4.tgz#8760e4ecc272f4c363532f926d874aae2c1397de"
    integrity sha512-Kkht5ye6ZGmwv40uUDZztayT2ThLQGfnj/T71N/XzeZeo3nf8foyW7zGTsPYkEya3m5f3cAypH+qe7YOrM1U2Q==
    dependencies:
      inherits "^2.0.1"
      safe-buffer "^5.0.1"
  
  console-browserify@^1.1.0:
    version "1.2.0"
    resolved "https://registry.yarnpkg.com/console-browserify/-/console-browserify-1.2.0.tgz#67063cef57ceb6cf4993a2ab3a55840ae8c49336"
    integrity sha512-ZMkYO/LkF17QvCPqM0gxw8yUzigAOZOSWSHg91FH6orS7vcEj5dVZTidN2fQ14yBSdg97RqhSNwLUXInd52OTA==
  
  constants-browserify@^1.0.0:
    version "1.0.0"
    resolved "https://registry.yarnpkg.com/constants-browserify/-/constants-browserify-1.0.0.tgz#c20b96d8c617748aaf1c16021760cd27fcb8cb75"
    integrity sha1-wguW2MYXdIqvHBYCF2DNJ/y4y3U=
  
  core-util-is@~1.0.0:
    version "1.0.2"
    resolved "https://registry.yarnpkg.com/core-util-is/-/core-util-is-1.0.2.tgz#b5fd54220aa2bc5ab57aab7140c940754503c1a7"
    integrity sha1-tf1UIgqivFq1eqtxQMlAdUUDwac=
  
  create-ecdh@^4.0.0:
    version "4.0.4"
    resolved "https://registry.yarnpkg.com/create-ecdh/-/create-ecdh-4.0.4.tgz#d6e7f4bffa66736085a0762fd3a632684dabcc4e"
    integrity sha512-mf+TCx8wWc9VpuxfP2ht0iSISLZnt0JgWlrOKZiNqyUZWnjIaCIVNQArMHnCZKfEYRg6IM7A+NeJoN8gf/Ws0A==
    dependencies:
      bn.js "^4.1.0"
      elliptic "^6.5.3"
  
  create-hash@^1.1.0, create-hash@^1.1.2, create-hash@^1.2.0:
    version "1.2.0"
    resolved "https://registry.yarnpkg.com/create-hash/-/create-hash-1.2.0.tgz#889078af11a63756bcfb59bd221996be3a9ef196"
    integrity sha512-z00bCGNHDG8mHAkP7CtT1qVu+bFQUPjYq/4Iv3C3kWjTFV10zIjfSoeqXo9Asws8gwSHDGj/hl2u4OGIjapeCg==
    dependencies:
      cipher-base "^1.0.1"
      inherits "^2.0.1"
      md5.js "^1.3.4"
      ripemd160 "^2.0.1"
      sha.js "^2.4.0"
  
  create-hmac@^1.1.0, create-hmac@^1.1.4, create-hmac@^1.1.7:
    version "1.1.7"
    resolved "https://registry.yarnpkg.com/create-hmac/-/create-hmac-1.1.7.tgz#69170c78b3ab957147b2b8b04572e47ead2243ff"
    integrity sha512-MJG9liiZ+ogc4TzUwuvbER1JRdgvUFSB5+VR/g5h82fGaIRWMWddtKBHi7/sVhfjQZ6SehlyhvQYrcYkaUIpLg==
    dependencies:
      cipher-base "^1.0.3"
      create-hash "^1.1.0"
      inherits "^2.0.1"
      ripemd160 "^2.0.0"
      safe-buffer "^5.0.1"
      sha.js "^2.4.8"
  
  crypto-browserify@^3.12.0:
    version "3.12.0"
    resolved "https://registry.yarnpkg.com/crypto-browserify/-/crypto-browserify-3.12.0.tgz#396cf9f3137f03e4b8e532c58f698254e00f80ec"
    integrity sha512-fz4spIh+znjO2VjL+IdhEpRJ3YN6sMzITSBijk6FK2UvTqruSQW+/cCZTSNsMiZNvUeq0CqurF+dAbyiGOY6Wg==
    dependencies:
      browserify-cipher "^1.0.0"
      browserify-sign "^4.0.0"
      create-ecdh "^4.0.0"
      create-hash "^1.1.0"
      create-hmac "^1.1.0"
      diffie-hellman "^5.0.0"
      inherits "^2.0.1"
      pbkdf2 "^3.0.3"
      public-encrypt "^4.0.0"
      randombytes "^2.0.0"
      randomfill "^1.0.3"
  
  des.js@^1.0.0:
    version "1.0.1"
    resolved "https://registry.yarnpkg.com/des.js/-/des.js-1.0.1.tgz#5382142e1bdc53f85d86d53e5f4aa7deb91e0843"
    integrity sha512-Q0I4pfFrv2VPd34/vfLrFOoRmlYj3OV50i7fskps1jZWK1kApMWWT9G6RRUeYedLcBDIhnSDaUvJMb3AhUlaEA==
    dependencies:
      inherits "^2.0.1"
      minimalistic-assert "^1.0.0"
  
  diffie-hellman@^5.0.0:
    version "5.0.3"
    resolved "https://registry.yarnpkg.com/diffie-hellman/-/diffie-hellman-5.0.3.tgz#40e8ee98f55a2149607146921c63e1ae5f3d2875"
    integrity sha512-kqag/Nl+f3GwyK25fhUMYj81BUOrZ9IuJsjIcDE5icNM9FJHAVm3VcUDxdLPoQtTuUylWm6ZIknYJwwaPxsUzg==
    dependencies:
      bn.js "^4.1.0"
      miller-rabin "^4.0.0"
      randombytes "^2.0.0"
  
  domain-browser@^1.2.0:
    version "1.2.0"
    resolved "https://registry.yarnpkg.com/domain-browser/-/domain-browser-1.2.0.tgz#3d31f50191a6749dd1375a7f522e823d42e54eda"
    integrity sha512-jnjyiM6eRyZl2H+W8Q/zLMA481hzi0eszAaBUzIVnmYVDBbnLxVNnfu1HgEBvCbL+71FrxMl3E6lpKH7Ge3OXA==
  
  elliptic@^6.5.3, elliptic@^6.5.4:
    version "6.5.4"
    resolved "https://registry.yarnpkg.com/elliptic/-/elliptic-6.5.4.tgz#da37cebd31e79a1367e941b592ed1fbebd58abbb"
    integrity sha512-iLhC6ULemrljPZb+QutR5TQGB+pdW6KGD5RSegS+8sorOZT+rdQFbsQFJgvN3eRqNALqJer4oQ16YvJHlU8hzQ==
    dependencies:
      bn.js "^4.11.9"
      brorand "^1.1.0"
      hash.js "^1.0.0"
      hmac-drbg "^1.0.1"
      inherits "^2.0.4"
      minimalistic-assert "^1.0.1"
      minimalistic-crypto-utils "^1.0.1"
  
  events@^3.0.0:
    version "3.3.0"
    resolved "https://registry.yarnpkg.com/events/-/events-3.3.0.tgz#31a95ad0a924e2d2c419a813aeb2c4e878ea7400"
    integrity sha512-mQw+2fkQbALzQ7V0MY0IqdnXNOeTtP4r0lN9z7AAawCXgqea7bDii20AYrIBrFd/Hx0M2Ocz6S111CaFkUcb0Q==
  
  evp_bytestokey@^1.0.0, evp_bytestokey@^1.0.3:
    version "1.0.3"
    resolved "https://registry.yarnpkg.com/evp_bytestokey/-/evp_bytestokey-1.0.3.tgz#7fcbdb198dc71959432efe13842684e0525acb02"
    integrity sha512-/f2Go4TognH/KvCISP7OUsHn85hT9nUkxxA9BEWxFn+Oj9o8ZNLm/40hdlgSLyuOimsrTKLUMEorQexp/aPQeA==
    dependencies:
      md5.js "^1.3.4"
      safe-buffer "^5.1.1"
  
  hash-base@^3.0.0:
    version "3.1.0"
    resolved "https://registry.yarnpkg.com/hash-base/-/hash-base-3.1.0.tgz#55c381d9e06e1d2997a883b4a3fddfe7f0d3af33"
    integrity sha512-1nmYp/rhMDiE7AYkDw+lLwlAzz0AntGIe51F3RfFfEqyQ3feY2eI/NcwC6umIQVOASPMsWJLJScWKSSvzL9IVA==
    dependencies:
      inherits "^2.0.4"
      readable-stream "^3.6.0"
      safe-buffer "^5.2.0"
  
  hash.js@^1.0.0, hash.js@^1.0.3:
    version "1.1.7"
    resolved "https://registry.yarnpkg.com/hash.js/-/hash.js-1.1.7.tgz#0babca538e8d4ee4a0f8988d68866537a003cf42"
    integrity sha512-taOaskGt4z4SOANNseOviYDvjEJinIkRgmp7LbKP2YTTmVxWBl87s/uzK9r+44BclBSp2X7K1hqeNfz9JbBeXA==
    dependencies:
      inherits "^2.0.3"
      minimalistic-assert "^1.0.1"
  
  hmac-drbg@^1.0.1:
    version "1.0.1"
    resolved "https://registry.yarnpkg.com/hmac-drbg/-/hmac-drbg-1.0.1.tgz#d2745701025a6c775a6c545793ed502fc0c649a1"
    integrity sha1-0nRXAQJabHdabFRXk+1QL8DGSaE=
    dependencies:
      hash.js "^1.0.3"
      minimalistic-assert "^1.0.0"
      minimalistic-crypto-utils "^1.0.1"
  
  https-browserify@^1.0.0:
    version "1.0.0"
    resolved "https://registry.yarnpkg.com/https-browserify/-/https-browserify-1.0.0.tgz#ec06c10e0a34c0f2faf199f7fd7fc78fffd03c73"
    integrity sha1-7AbBDgo0wPL68Zn3/X/Hj//QPHM=
  
  ieee754@^1.1.13:
    version "1.2.1"
    resolved "https://registry.yarnpkg.com/ieee754/-/ieee754-1.2.1.tgz#8eb7a10a63fff25d15a57b001586d177d1b0d352"
    integrity sha512-dcyqhDvX1C46lXZcVqCpK+FtMRQVdIMN6/Df5js2zouUsqG7I6sFxitIC+7KYK29KdXOLHdu9zL4sFnoVQnqaA==
  
  inherits@2.0.1:
    version "2.0.1"
    resolved "https://registry.yarnpkg.com/inherits/-/inherits-2.0.1.tgz#b17d08d326b4423e568eff719f91b0b1cbdf69f1"
    integrity sha1-sX0I0ya0Qj5Wjv9xn5GwscvfafE=
  
  inherits@2.0.3:
    version "2.0.3"
    resolved "https://registry.yarnpkg.com/inherits/-/inherits-2.0.3.tgz#633c2c83e3da42a502f52466022480f4208261de"
    integrity sha1-Yzwsg+PaQqUC9SRmAiSA9CCCYd4=
  
  inherits@^2.0.1, inherits@^2.0.3, inherits@^2.0.4, inherits@~2.0.1, inherits@~2.0.3:
    version "2.0.4"
    resolved "https://registry.yarnpkg.com/inherits/-/inherits-2.0.4.tgz#0fa2c64f932917c3433a0ded55363aae37416b7c"
    integrity sha512-k/vGaX4/Yla3WzyMCvTQOXYeIHvqOKtnqBduzTHpzpQZzAskKMhZ2K+EnBiSM9zGSoIFeMpXKxa4dYeZIQqewQ==
  
  isarray@~1.0.0:
    version "1.0.0"
    resolved "https://registry.yarnpkg.com/isarray/-/isarray-1.0.0.tgz#bb935d48582cba168c06834957a54a3e07124f11"
    integrity sha1-u5NdSFgsuhaMBoNJV6VKPgcSTxE=
  
  lodash.omit@^4.5.0:
    version "4.5.0"
    resolved "https://registry.yarnpkg.com/lodash.omit/-/lodash.omit-4.5.0.tgz#6eb19ae5a1ee1dd9df0b969e66ce0b7fa30b5e60"
    integrity sha1-brGa5aHuHdnfC5aeZs4Lf6MLXmA=
  
  md5.js@^1.3.4:
    version "1.3.5"
    resolved "https://registry.yarnpkg.com/md5.js/-/md5.js-1.3.5.tgz#b5d07b8e3216e3e27cd728d72f70d1e6a342005f"
    integrity sha512-xitP+WxNPcTTOgnTJcrhM0xvdPepipPSf3I8EIpGKeFLjt3PlJLIDG3u8EX53ZIubkb+5U2+3rELYpEhHhzdkg==
    dependencies:
      hash-base "^3.0.0"
      inherits "^2.0.1"
      safe-buffer "^5.1.2"
  
  meteor-node-stubs@^1.0.1:
    version "1.0.3"
    resolved "https://registry.yarnpkg.com/meteor-node-stubs/-/meteor-node-stubs-1.0.3.tgz#f22f02149cc51371940b06c205fdff92628ecf0f"
    integrity sha512-JQwIWPfM/Oa2x1Ycwn1Q0wVVQ8b0bOLv+qs4RR/D12b5dPktLlPCRhMzWzRPncZVJtfsnKKBgPLdFmJYUqAwHg==
    dependencies:
      assert "^1.4.1"
      browserify-zlib "^0.2.0"
      buffer "^5.2.1"
      console-browserify "^1.1.0"
      constants-browserify "^1.0.0"
      crypto-browserify "^3.12.0"
      domain-browser "^1.2.0"
      elliptic "^6.5.4"
      events "^3.0.0"
      https-browserify "^1.0.0"
      os-browserify "^0.3.0"
      path-browserify "^1.0.0"
      process "^0.11.10"
      punycode "^2.1.1"
      querystring-es3 "^0.2.1"
      readable-stream "^3.3.0"
      stream-browserify "^2.0.2"
      stream-http "^3.0.0"
      string_decoder "^1.2.0"
      timers-browserify "^2.0.10"
      tty-browserify "0.0.1"
      url "^0.11.0"
      util "^0.11.1"
      vm-browserify "^1.1.0"
  
  miller-rabin@^4.0.0:
    version "4.0.1"
    resolved "https://registry.yarnpkg.com/miller-rabin/-/miller-rabin-4.0.1.tgz#f080351c865b0dc562a8462966daa53543c78a4d"
    integrity sha512-115fLhvZVqWwHPbClyntxEVfVDfl9DLLTuJvq3g2O/Oxi8AiNouAHvDSzHS0viUJc+V5vm3eq91Xwqn9dp4jRA==
    dependencies:
      bn.js "^4.0.0"
      brorand "^1.0.1"
  
  minimalistic-assert@^1.0.0, minimalistic-assert@^1.0.1:
    version "1.0.1"
    resolved "https://registry.yarnpkg.com/minimalistic-assert/-/minimalistic-assert-1.0.1.tgz#2e194de044626d4a10e7f7fbc00ce73e83e4d5c7"
    integrity sha512-UtJcAD4yEaGtjPezWuO9wC4nwUnVH/8/Im3yEHQP4b67cXlD/Qr9hdITCU1xDbSEXg2XKNaP8jsReV7vQd00/A==
  
  minimalistic-crypto-utils@^1.0.1:
    version "1.0.1"
    resolved "https://registry.yarnpkg.com/minimalistic-crypto-utils/-/minimalistic-crypto-utils-1.0.1.tgz#f6c00c1c0b082246e5c4d99dfb8c7c083b2b582a"
    integrity sha1-9sAMHAsIIkblxNmd+4x8CDsrWCo=
  
  object-assign@^4.1.1:
    version "4.1.1"
    resolved "https://registry.yarnpkg.com/object-assign/-/object-assign-4.1.1.tgz#2109adc7965887cfc05cbbd442cac8bfbb360863"
    integrity sha1-IQmtx5ZYh8/AXLvUQsrIv7s2CGM=
  
  os-browserify@^0.3.0:
    version "0.3.0"
    resolved "https://registry.yarnpkg.com/os-browserify/-/os-browserify-0.3.0.tgz#854373c7f5c2315914fc9bfc6bd8238fdda1ec27"
    integrity sha1-hUNzx/XCMVkU/Jv8a9gjj92h7Cc=
  
  pako@~1.0.5:
    version "1.0.11"
    resolved "https://registry.yarnpkg.com/pako/-/pako-1.0.11.tgz#6c9599d340d54dfd3946380252a35705a6b992bf"
    integrity sha512-4hLB8Py4zZce5s4yd9XzopqwVv/yGNhV1Bl8NTmCq1763HeK2+EwVTv+leGeL13Dnh2wfbqowVPXCIO0z4taYw==
  
  parse-asn1@^5.0.0, parse-asn1@^5.1.5:
    version "5.1.6"
    resolved "https://registry.yarnpkg.com/parse-asn1/-/parse-asn1-5.1.6.tgz#385080a3ec13cb62a62d39409cb3e88844cdaed4"
    integrity sha512-RnZRo1EPU6JBnra2vGHj0yhp6ebyjBZpmUCLHWiFhxlzvBCCpAuZ7elsBp1PVAbQN0/04VD/19rfzlBSwLstMw==
    dependencies:
      asn1.js "^5.2.0"
      browserify-aes "^1.0.0"
      evp_bytestokey "^1.0.0"
      pbkdf2 "^3.0.3"
      safe-buffer "^5.1.1"
  
  parse5@^5.0.0:
    version "5.1.1"
    resolved "https://registry.yarnpkg.com/parse5/-/parse5-5.1.1.tgz#f68e4e5ba1852ac2cadc00f4555fff6c2abb6178"
    integrity sha512-ugq4DFI0Ptb+WWjAdOK16+u/nHfiIrcE+sh8kZMaM0WllQKLI9rOUq6c2b7cwPkXdzfQESqvoqK6ug7U/Yyzug==
  
  path-browserify@^1.0.0:
    version "1.0.1"
    resolved "https://registry.yarnpkg.com/path-browserify/-/path-browserify-1.0.1.tgz#d98454a9c3753d5790860f16f68867b9e46be1fd"
    integrity sha512-b7uo2UCUOYZcnF/3ID0lulOJi/bafxa1xPe7ZPsammBSpjSWQkjNxlt635YGS2MiR9GjvuXCtz2emr3jbsz98g==
  
  pbkdf2@^3.0.3:
    version "3.1.2"
    resolved "https://registry.yarnpkg.com/pbkdf2/-/pbkdf2-3.1.2.tgz#dd822aa0887580e52f1a039dc3eda108efae3075"
    integrity sha512-iuh7L6jA7JEGu2WxDwtQP1ddOpaJNC4KlDEFfdQajSGgGPNi4OyDc2R7QnbY2bR9QjBVGwgvTdNJZoE7RaxUMA==
    dependencies:
      create-hash "^1.1.2"
      create-hmac "^1.1.4"
      ripemd160 "^2.0.1"
      safe-buffer "^5.0.1"
      sha.js "^2.4.8"
  
  process-nextick-args@~2.0.0:
    version "2.0.1"
    resolved "https://registry.yarnpkg.com/process-nextick-args/-/process-nextick-args-2.0.1.tgz#7820d9b16120cc55ca9ae7792680ae7dba6d7fe2"
    integrity sha512-3ouUOpQhtgrbOa17J7+uxOTpITYWaGP7/AhoR3+A+/1e9skrzelGi/dXzEYyvbxubEF6Wn2ypscTKiKJFFn1ag==
  
  process@^0.11.10:
    version "0.11.10"
    resolved "https://registry.yarnpkg.com/process/-/process-0.11.10.tgz#7332300e840161bda3e69a1d1d91a7d4bc16f182"
    integrity sha1-czIwDoQBYb2j5podHZGn1LwW8YI=
  
  public-encrypt@^4.0.0:
    version "4.0.3"
    resolved "https://registry.yarnpkg.com/public-encrypt/-/public-encrypt-4.0.3.tgz#4fcc9d77a07e48ba7527e7cbe0de33d0701331e0"
    integrity sha512-zVpa8oKZSz5bTMTFClc1fQOnyyEzpl5ozpi1B5YcvBrdohMjH2rfsBtyXcuNuwjsDIXmBYlF2N5FlJYhR29t8Q==
    dependencies:
      bn.js "^4.1.0"
      browserify-rsa "^4.0.0"
      create-hash "^1.1.0"
      parse-asn1 "^5.0.0"
      randombytes "^2.0.1"
      safe-buffer "^5.1.2"
  
  punycode@1.3.2:
    version "1.3.2"
    resolved "https://registry.yarnpkg.com/punycode/-/punycode-1.3.2.tgz#9653a036fb7c1ee42342f2325cceefea3926c48d"
    integrity sha1-llOgNvt8HuQjQvIyXM7v6jkmxI0=
  
  punycode@^2.1.1:
    version "2.1.1"
    resolved "https://registry.yarnpkg.com/punycode/-/punycode-2.1.1.tgz#b58b010ac40c22c5657616c8d2c2c02c7bf479ec"
    integrity sha512-XRsRjdf+j5ml+y/6GKHPZbrF/8p2Yga0JPtdqTIY2Xe5ohJPD9saDJJLPvp9+NSBprVvevdXZybnj2cv8OEd0A==
  
  querystring-es3@^0.2.1:
    version "0.2.1"
    resolved "https://registry.yarnpkg.com/querystring-es3/-/querystring-es3-0.2.1.tgz#9ec61f79049875707d69414596fd907a4d711e73"
    integrity sha1-nsYfeQSYdXB9aUFFlv2Qek1xHnM=
  
  querystring@0.2.0:
    version "0.2.0"
    resolved "https://registry.yarnpkg.com/querystring/-/querystring-0.2.0.tgz#b209849203bb25df820da756e747005878521620"
    integrity sha1-sgmEkgO7Jd+CDadW50cAWHhSFiA=
  
  randombytes@^2.0.0, randombytes@^2.0.1, randombytes@^2.0.5:
    version "2.1.0"
    resolved "https://registry.yarnpkg.com/randombytes/-/randombytes-2.1.0.tgz#df6f84372f0270dc65cdf6291349ab7a473d4f2a"
    integrity sha512-vYl3iOX+4CKUWuxGi9Ukhie6fsqXqS9FE2Zaic4tNFD2N2QQaXOMFbuKK4QmDHC0JO6B1Zp41J0LpT0oR68amQ==
    dependencies:
      safe-buffer "^5.1.0"
  
  randomfill@^1.0.3:
    version "1.0.4"
    resolved "https://registry.yarnpkg.com/randomfill/-/randomfill-1.0.4.tgz#c92196fc86ab42be983f1bf31778224931d61458"
    integrity sha512-87lcbR8+MhcWcUiQ+9e+Rwx8MyR2P7qnt15ynUlbm3TU/fjbgz4GsvfSUDTemtCCtVCqb4ZcEFlyPNTh9bBTLw==
    dependencies:
      randombytes "^2.0.5"
      safe-buffer "^5.1.0"
  
  readable-stream@^2.0.2:
    version "2.3.7"
    resolved "https://registry.yarnpkg.com/readable-stream/-/readable-stream-2.3.7.tgz#1eca1cf711aef814c04f62252a36a62f6cb23b57"
    integrity sha512-Ebho8K4jIbHAxnuxi7o42OrZgF/ZTNcsZj6nRKyUmkhLFq8CHItp/fy6hQZuZmP/n3yZ9VBUbp4zz/mX8hmYPw==
    dependencies:
      core-util-is "~1.0.0"
      inherits "~2.0.3"
      isarray "~1.0.0"
      process-nextick-args "~2.0.0"
      safe-buffer "~5.1.1"
      string_decoder "~1.1.1"
      util-deprecate "~1.0.1"
  
  readable-stream@^3.3.0, readable-stream@^3.6.0:
    version "3.6.0"
    resolved "https://registry.yarnpkg.com/readable-stream/-/readable-stream-3.6.0.tgz#337bbda3adc0706bd3e024426a286d4b4b2c9198"
    integrity sha512-BViHy7LKeTz4oNnkcLJ+lVSL6vpiFeX6/d3oSH8zCW7UxP2onchk+vTGB143xuFjHS3deTgkKoXXymXqymiIdA==
    dependencies:
      inherits "^2.0.3"
      string_decoder "^1.1.1"
      util-deprecate "^1.0.1"
  
  regenerator-runtime@^0.13.4:
    version "0.13.7"
    resolved "https://registry.yarnpkg.com/regenerator-runtime/-/regenerator-runtime-0.13.7.tgz#cac2dacc8a1ea675feaabaeb8ae833898ae46f55"
    integrity sha512-a54FxoJDIr27pgf7IgeQGxmqUNYrcV338lf/6gH456HZ/PhX+5BcwHXG9ajESmwe6WRO0tAzRUrRmNONWgkrew==
  
  ripemd160@^2.0.0, ripemd160@^2.0.1:
    version "2.0.2"
    resolved "https://registry.yarnpkg.com/ripemd160/-/ripemd160-2.0.2.tgz#a1c1a6f624751577ba5d07914cbc92850585890c"
    integrity sha512-ii4iagi25WusVoiC4B4lq7pbXfAp3D9v5CwfkY33vffw2+pkDjY1D8GaN7spsxvCSx8dkPqOZCEZyfxcmJG2IA==
    dependencies:
      hash-base "^3.0.0"
      inherits "^2.0.1"
  
  safe-buffer@^5.0.1, safe-buffer@^5.1.0, safe-buffer@^5.1.1, safe-buffer@^5.1.2, safe-buffer@^5.2.0, safe-buffer@~5.2.0:
    version "5.2.1"
    resolved "https://registry.yarnpkg.com/safe-buffer/-/safe-buffer-5.2.1.tgz#1eaf9fa9bdb1fdd4ec75f58f9cdb4e6b7827eec6"
    integrity sha512-rp3So07KcdmmKbGvgaNxQSJr7bGVSVk5S9Eq1F+ppbRo70+YeaDxkw5Dd8NPN+GD6bjnYm2VuPuCXmpuYvmCXQ==
  
  safe-buffer@~5.1.0, safe-buffer@~5.1.1:
    version "5.1.2"
    resolved "https://registry.yarnpkg.com/safe-buffer/-/safe-buffer-5.1.2.tgz#991ec69d296e0313747d59bdfd2b745c35f8828d"
    integrity sha512-Gd2UZBJDkXlY7GbJxfsE8/nvKkUEU1G38c1siN6QP6a9PT9MmHB8GnpscSmMJSoF8LOIrt8ud/wPtojys4G6+g==
  
  safer-buffer@^2.1.0:
    version "2.1.2"
    resolved "https://registry.yarnpkg.com/safer-buffer/-/safer-buffer-2.1.2.tgz#44fa161b0187b9549dd84bb91802f9bd8385cd6a"
    integrity sha512-YZo3K82SD7Riyi0E1EQPojLz7kpepnSQI9IyPbHHg1XXXevb5dJI7tpyN2ADxGcQbHG7vcyRHk0cbwqcQriUtg==
  
  setimmediate@^1.0.4:
    version "1.0.5"
    resolved "https://registry.yarnpkg.com/setimmediate/-/setimmediate-1.0.5.tgz#290cbb232e306942d7d7ea9b83732ab7856f8285"
    integrity sha1-KQy7Iy4waULX1+qbg3Mqt4VvgoU=
  
  sha.js@^2.4.0, sha.js@^2.4.8:
    version "2.4.11"
    resolved "https://registry.yarnpkg.com/sha.js/-/sha.js-2.4.11.tgz#37a5cf0b81ecbc6943de109ba2960d1b26584ae7"
    integrity sha512-QMEp5B7cftE7APOjk5Y6xgrbWu+WkLVQwk8JNjZ8nKRciZaByEW6MubieAiToS7+dwvrjGhH8jRXz3MVd0AYqQ==
    dependencies:
      inherits "^2.0.1"
      safe-buffer "^5.0.1"
  
  stream-browserify@^2.0.2:
    version "2.0.2"
    resolved "https://registry.yarnpkg.com/stream-browserify/-/stream-browserify-2.0.2.tgz#87521d38a44aa7ee91ce1cd2a47df0cb49dd660b"
    integrity sha512-nX6hmklHs/gr2FuxYDltq8fJA1GDlxKQCz8O/IM4atRqBH8OORmBNgfvW5gG10GT/qQ9u0CzIvr2X5Pkt6ntqg==
    dependencies:
      inherits "~2.0.1"
      readable-stream "^2.0.2"
  
  stream-http@^3.0.0:
    version "3.2.0"
    resolved "https://registry.yarnpkg.com/stream-http/-/stream-http-3.2.0.tgz#1872dfcf24cb15752677e40e5c3f9cc1926028b5"
    integrity sha512-Oq1bLqisTyK3TSCXpPbT4sdeYNdmyZJv1LxpEm2vu1ZhK89kSE5YXwZc3cWk0MagGaKriBh9mCFbVGtO+vY29A==
    dependencies:
      builtin-status-codes "^3.0.0"
      inherits "^2.0.4"
      readable-stream "^3.6.0"
      xtend "^4.0.2"
  
  string_decoder@^1.1.1, string_decoder@^1.2.0:
    version "1.3.0"
    resolved "https://registry.yarnpkg.com/string_decoder/-/string_decoder-1.3.0.tgz#42f114594a46cf1a8e30b0a84f56c78c3edac21e"
    integrity sha512-hkRX8U1WjJFd8LsDJ2yQ/wWWxaopEsABU1XfkM8A+j0+85JAGppt16cr1Whg6KIbb4okU6Mql6BOj+uup/wKeA==
    dependencies:
      safe-buffer "~5.2.0"
  
  string_decoder@~1.1.1:
    version "1.1.1"
    resolved "https://registry.yarnpkg.com/string_decoder/-/string_decoder-1.1.1.tgz#9cf1611ba62685d7030ae9e4ba34149c3af03fc8"
    integrity sha512-n/ShnvDi6FHbbVfviro+WojiFzv+s8MPMHBczVePfUpDJLwoLT0ht1l4YwBCbi8pJAveEEdnkHyPyTP/mzRfwg==
    dependencies:
      safe-buffer "~5.1.0"
  
  timers-browserify@^2.0.10:
    version "2.0.12"
    resolved "https://registry.yarnpkg.com/timers-browserify/-/timers-browserify-2.0.12.tgz#44a45c11fbf407f34f97bccd1577c652361b00ee"
    integrity sha512-9phl76Cqm6FhSX9Xe1ZUAMLtm1BLkKj2Qd5ApyWkXzsMRaA7dgr81kf4wJmQf/hAvg8EEyJxDo3du/0KlhPiKQ==
    dependencies:
      setimmediate "^1.0.4"
  
  tslib@^2.1.0:
    version "2.2.0"
    resolved "https://registry.yarnpkg.com/tslib/-/tslib-2.2.0.tgz#fb2c475977e35e241311ede2693cee1ec6698f5c"
    integrity sha512-gS9GVHRU+RGn5KQM2rllAlR3dU6m7AcpJKdtH8gFvQiC4Otgk98XnmMU+nZenHt/+VhnBPWwgrJsyrdcw6i23w==
  
  tty-browserify@0.0.1:
    version "0.0.1"
    resolved "https://registry.yarnpkg.com/tty-browserify/-/tty-browserify-0.0.1.tgz#3f05251ee17904dfd0677546670db9651682b811"
    integrity sha512-C3TaO7K81YvjCgQH9Q1S3R3P3BtN3RIM8n+OvX4il1K1zgE8ZhI0op7kClgkxtutIE8hQrcrHBXvIheqKUUCxw==
  
  url@^0.11.0:
    version "0.11.0"
    resolved "https://registry.yarnpkg.com/url/-/url-0.11.0.tgz#3838e97cfc60521eb73c525a8e55bfdd9e2e28f1"
    integrity sha1-ODjpfPxgUh63PFJajlW/3Z4uKPE=
    dependencies:
      punycode "1.3.2"
      querystring "0.2.0"
  
  util-deprecate@^1.0.1, util-deprecate@~1.0.1:
    version "1.0.2"
    resolved "https://registry.yarnpkg.com/util-deprecate/-/util-deprecate-1.0.2.tgz#450d4dc9fa70de732762fbd2d4a28981419a0ccf"
    integrity sha1-RQ1Nyfpw3nMnYvvS1KKJgUGaDM8=
  
  util@0.10.3:
    version "0.10.3"
    resolved "https://registry.yarnpkg.com/util/-/util-0.10.3.tgz#7afb1afe50805246489e3db7fe0ed379336ac0f9"
    integrity sha1-evsa/lCAUkZInj23/g7TeTNqwPk=
    dependencies:
      inherits "2.0.1"
  
  util@^0.11.1:
    version "0.11.1"
    resolved "https://registry.yarnpkg.com/util/-/util-0.11.1.tgz#3236733720ec64bb27f6e26f421aaa2e1b588d61"
    integrity sha512-HShAsny+zS2TZfaXxD9tYj4HQGlBezXZMZuM/S5PKLLoZkShZiGk9o5CzukI1LVHZvjdvZ2Sj1aW/Ndn2NB/HQ==
    dependencies:
      inherits "2.0.3"
  
  vm-browserify@^1.1.0:
    version "1.1.2"
    resolved "https://registry.yarnpkg.com/vm-browserify/-/vm-browserify-1.1.2.tgz#78641c488b8e6ca91a75f511e7a3b32a86e5dda0"
    integrity sha512-2ham8XPWTONajOR0ohOKOHXkm3+gaBmGut3SRuu75xLd/RRaY6vqgh8NBYYk7+RW3u5AtzPQZG8F10LHkl0lAQ==
  
  vue-meteor-tracker@^2.0.0-beta.5:
    version "2.0.0-beta.5"
    resolved "https://registry.yarnpkg.com/vue-meteor-tracker/-/vue-meteor-tracker-2.0.0-beta.5.tgz#104c4a43857e7050a1f3e30860a80c5f5caf1989"
    integrity sha512-egEEqAeKoy7moc4mdb/yM4+UDxk7yOAiIAW8gFz8umtAEYr7Ll8B1wLC0gtoY4IDUU8bCo0UzQjWvfXDMfl7YA==
    dependencies:
      lodash.omit "^4.5.0"
  
  vue@^2.6.12:
    version "2.6.12"
    resolved "https://registry.yarnpkg.com/vue/-/vue-2.6.12.tgz#f5ebd4fa6bd2869403e29a896aed4904456c9123"
    integrity sha512-uhmLFETqPPNyuLLbsKz6ioJ4q7AZHzD8ZVFNATNyICSZouqP2Sz0rotWQC8UNBF6VGSCs5abnKJoStA6JbCbfg==
  
  xtend@^4.0.2:
    version "4.0.2"
    resolved "https://registry.yarnpkg.com/xtend/-/xtend-4.0.2.tgz#bb72779f5fa465186b1f438f674fa347fdb5db54"
    integrity sha512-LKYU1iAXJXUgAXn9URjiu+MWhyUXHsvfp7mcuYm9dSUKK0/CjtrUwFAxD82/mCWbtLsGjFIad0wIsod4zrTAEQ==
